[debug] [2021-04-09T10:00:37.450Z] ----------------------------------------------------------------------
[debug] [2021-04-09T10:00:37.453Z] Command:       D:\nodejs\node.exe C:\Users\Dhruv\AppData\Roaming\npm\node_modules\firebase-tools\lib\bin\firebase.js init emulators
[debug] [2021-04-09T10:00:37.454Z] CLI Version:   8.11.2
[debug] [2021-04-09T10:00:37.454Z] Platform:      win32
[debug] [2021-04-09T10:00:37.454Z] Node Version:  v14.15.1
[debug] [2021-04-09T10:00:37.455Z] Time:          Fri Apr 09 2021 15:30:37 GMT+0530 (India Standard Time)
[debug] [2021-04-09T10:00:37.455Z] ----------------------------------------------------------------------
[debug] [2021-04-09T10:00:37.455Z] 
[debug] [2021-04-09T10:00:37.462Z] > command requires scopes: ["email","openid","https://www.googleapis.com/auth/cloudplatformprojects.readonly","https://www.googleapis.com/auth/firebase","https://www.googleapis.com/auth/cloud-platform"]
[debug] [2021-04-09T10:00:37.462Z] > authorizing via signed-in user
[info] 
     ######## #### ########  ######## ########     ###     ######  ########
     ##        ##  ##     ## ##       ##     ##  ##   ##  ##       ##
     ######    ##  ########  ######   ########  #########  ######  ######
     ##        ##  ##    ##  ##       ##     ## ##     ##       ## ##
     ##       #### ##     ## ######## ########  ##     ##  ######  ########

You're about to initialize a Firebase project in this directory:

  E:\AndroidStudioProjects\WeSafe

[info] 
=== Project Setup
[info] 
[info] First, let's associate this project directory with a Firebase project.
[info] You can create multiple project aliases by running firebase use --add, 
[info] but for now we'll just set up a default project.
[info] 
